<?xml version="1.0" encoding="UTF-8"?>
<!-- Generated by org.testng.reporters.JUnitXMLReporter -->
<testsuite hostname="DESKTOP-RS2OLHV" ignored="0" name="Default test" tests="4" failures="0" timestamp="03 Jan 2023 11:07:19 GMT" time="0.24" errors="0">
  <testcase name="test1" time="0.019" classname="org.sample.Test1"/>
  <testcase name="test2" time="0.003" classname="org.sample.Test1"/>
  <testcase name="test3" time="0.009" classname="org.sample.Test1"/>
  <testcase name="test4" time="0.03" classname="org.sample.Test1"/>
</testsuite> <!-- Default test -->
